\BOOKMARK [1][-]{section.1}{Data structures}{}% 1
\BOOKMARK [2][-]{subsection.1.1}{Segment tree}{section.1}% 2
\BOOKMARK [2][-]{subsection.1.2}{Segment tree - Range update, point query}{section.1}% 3
\BOOKMARK [2][-]{subsection.1.3}{Segment tree - Lazy propagation}{section.1}% 4
\BOOKMARK [2][-]{subsection.1.4}{Segment tree - Persistence}{section.1}% 5
\BOOKMARK [2][-]{subsection.1.5}{Fenwick tree}{section.1}% 6
\BOOKMARK [2][-]{subsection.1.6}{DSU}{section.1}% 7
\BOOKMARK [2][-]{subsection.1.7}{SQRT decomposition}{section.1}% 8
\BOOKMARK [2][-]{subsection.1.8}{Trie}{section.1}% 9
\BOOKMARK [2][-]{subsection.1.9}{Trie XOR}{section.1}% 10
\BOOKMARK [2][-]{subsection.1.10}{Map custom hash}{section.1}% 11
\BOOKMARK [2][-]{subsection.1.11}{Ordered set}{section.1}% 12
\BOOKMARK [2][-]{subsection.1.12}{Merge Sort Tree}{section.1}% 13
\BOOKMARK [2][-]{subsection.1.13}{Wavelet Tree}{section.1}% 14
\BOOKMARK [2][-]{subsection.1.14}{Monotonic stack}{section.1}% 15
\BOOKMARK [2][-]{subsection.1.15}{Matrix operations}{section.1}% 16
\BOOKMARK [2][-]{subsection.1.16}{Heavy Light Decomposition}{section.1}% 17
\BOOKMARK [1][-]{section.2}{Graphs}{}% 18
\BOOKMARK [2][-]{subsection.2.1}{Euler tour}{section.2}% 19
\BOOKMARK [2][-]{subsection.2.2}{Find bridges}{section.2}% 20
\BOOKMARK [2][-]{subsection.2.3}{Dijkstra}{section.2}% 21
\BOOKMARK [2][-]{subsection.2.4}{Binary Lifting LCA}{section.2}% 22
\BOOKMARK [2][-]{subsection.2.5}{Centroid decomposition}{section.2}% 23
\BOOKMARK [2][-]{subsection.2.6}{Edmonds karp}{section.2}% 24
\BOOKMARK [2][-]{subsection.2.7}{Dinics}{section.2}% 25
\BOOKMARK [2][-]{subsection.2.8}{Bipartite check}{section.2}% 26
\BOOKMARK [2][-]{subsection.2.9}{Has cycle?}{section.2}% 27
\BOOKMARK [2][-]{subsection.2.10}{Kuhn - matching}{section.2}% 28
\BOOKMARK [2][-]{subsection.2.11}{Hopcroft Karp - matching}{section.2}% 29
\BOOKMARK [2][-]{subsection.2.12}{Min cost - max flow}{section.2}% 30
\BOOKMARK [2][-]{subsection.2.13}{2sat}{section.2}% 31
\BOOKMARK [1][-]{section.3}{Math}{}% 32
\BOOKMARK [2][-]{subsection.3.1}{Binpow}{section.3}% 33
\BOOKMARK [2][-]{subsection.3.2}{Modular inverse}{section.3}% 34
\BOOKMARK [2][-]{subsection.3.3}{Linear Sieve}{section.3}% 35
\BOOKMARK [2][-]{subsection.3.4}{Factorials}{section.3}% 36
\BOOKMARK [2][-]{subsection.3.5}{Prime factorization}{section.3}% 37
\BOOKMARK [2][-]{subsection.3.6}{Divisors}{section.3}% 38
\BOOKMARK [2][-]{subsection.3.7}{Identities}{section.3}% 39
\BOOKMARK [1][-]{section.4}{Strings}{}% 40
\BOOKMARK [2][-]{subsection.4.1}{Rolling Hash}{section.4}% 41
\BOOKMARK [1][-]{section.5}{Geometry}{}% 42
\BOOKMARK [2][-]{subsection.5.1}{Convex Hull}{section.5}% 43
\BOOKMARK [1][-]{section.6}{Techniques}{}% 44
\BOOKMARK [2][-]{subsection.6.1}{MO's algorithm}{section.6}% 45
\BOOKMARK [2][-]{subsection.6.2}{Parallel binary search}{section.6}% 46
\BOOKMARK [2][-]{subsection.6.3}{Split objects into light and heavy}{section.6}% 47
\BOOKMARK [2][-]{subsection.6.4}{Meet in the middle}{section.6}% 48
\BOOKMARK [2][-]{subsection.6.5}{Dijkstra on ST}{section.6}% 49
\BOOKMARK [2][-]{subsection.6.6}{Venice set}{section.6}% 50
\BOOKMARK [1][-]{section.7}{Basic techniques}{}% 51
\BOOKMARK [2][-]{subsection.7.1}{Difference array}{section.7}% 52
\BOOKMARK [2][-]{subsection.7.2}{Prefix Sum 2D}{section.7}% 53
\BOOKMARK [2][-]{subsection.7.3}{Random number generator}{section.7}% 54
\BOOKMARK [2][-]{subsection.7.4}{Coordinate compression}{section.7}% 55
\BOOKMARK [2][-]{subsection.7.5}{Digit DP}{section.7}% 56
\BOOKMARK [2][-]{subsection.7.6}{Intersection [L1, R1] and [L2, R2]}{section.7}% 57
